C:\Users\purushotam.s\Desktop\learning\Modified ContactBook\ContactBook1\ContactBook1\ContactBook\dist\out-tsc\src\app\models\contact.model.js
C:\Users\purushotam.s\Desktop\learning\Modified ContactBook\ContactBook1\ContactBook1\ContactBook\dist\out-tsc\src\app\models\contact.model.js.map
C:\Users\purushotam.s\Desktop\learning\Modified ContactBook\ContactBook1\ContactBook1\ContactBook\dist\out-tsc\src\app\models\contact-view.model.js
C:\Users\purushotam.s\Desktop\learning\Modified ContactBook\ContactBook1\ContactBook1\ContactBook\dist\out-tsc\src\app\models\contact-view.model.js.map
C:\Users\purushotam.s\Desktop\learning\Modified ContactBook\ContactBook1\ContactBook1\ContactBook\dist\out-tsc\src\app\Services\data.service.js
C:\Users\purushotam.s\Desktop\learning\Modified ContactBook\ContactBook1\ContactBook1\ContactBook\dist\out-tsc\src\app\Services\data.service.js.map
C:\Users\purushotam.s\Desktop\learning\Modified ContactBook\ContactBook1\ContactBook1\ContactBook\dist\out-tsc\src\app\enums\enum.model.js
C:\Users\purushotam.s\Desktop\learning\Modified ContactBook\ContactBook1\ContactBook1\ContactBook\dist\out-tsc\src\app\enums\enum.model.js.map
C:\Users\purushotam.s\Desktop\learning\Modified ContactBook\ContactBook1\ContactBook1\ContactBook\dist\out-tsc\src\app\delete-dialog-box\delete-dialog-box.component.js
C:\Users\purushotam.s\Desktop\learning\Modified ContactBook\ContactBook1\ContactBook1\ContactBook\dist\out-tsc\src\app\delete-dialog-box\delete-dialog-box.component.js.map
C:\Users\purushotam.s\Desktop\learning\Modified ContactBook\ContactBook1\ContactBook1\ContactBook\dist\out-tsc\src\app\contact-detail\contact-detail.component.js
C:\Users\purushotam.s\Desktop\learning\Modified ContactBook\ContactBook1\ContactBook1\ContactBook\dist\out-tsc\src\app\contact-detail\contact-detail.component.js.map
C:\Users\purushotam.s\Desktop\learning\Modified ContactBook\ContactBook1\ContactBook1\ContactBook\dist\out-tsc\src\app\add-contact\add-contact.component.js
C:\Users\purushotam.s\Desktop\learning\Modified ContactBook\ContactBook1\ContactBook1\ContactBook\dist\out-tsc\src\app\add-contact\add-contact.component.js.map
C:\Users\purushotam.s\Desktop\learning\Modified ContactBook\ContactBook1\ContactBook1\ContactBook\dist\out-tsc\src\app\page-not-found\page-not-found.component.js
C:\Users\purushotam.s\Desktop\learning\Modified ContactBook\ContactBook1\ContactBook1\ContactBook\dist\out-tsc\src\app\page-not-found\page-not-found.component.js.map
C:\Users\purushotam.s\Desktop\learning\Modified ContactBook\ContactBook1\ContactBook1\ContactBook\dist\out-tsc\src\app\app-routing.module.js
C:\Users\purushotam.s\Desktop\learning\Modified ContactBook\ContactBook1\ContactBook1\ContactBook\dist\out-tsc\src\app\app-routing.module.js.map
C:\Users\purushotam.s\Desktop\learning\Modified ContactBook\ContactBook1\ContactBook1\ContactBook\dist\out-tsc\src\app\app.component.js
C:\Users\purushotam.s\Desktop\learning\Modified ContactBook\ContactBook1\ContactBook1\ContactBook\dist\out-tsc\src\app\app.component.js.map
C:\Users\purushotam.s\Desktop\learning\Modified ContactBook\ContactBook1\ContactBook1\ContactBook\dist\out-tsc\src\app\contact-list\contact-list.component.js
C:\Users\purushotam.s\Desktop\learning\Modified ContactBook\ContactBook1\ContactBook1\ContactBook\dist\out-tsc\src\app\contact-list\contact-list.component.js.map
C:\Users\purushotam.s\Desktop\learning\Modified ContactBook\ContactBook1\ContactBook1\ContactBook\dist\out-tsc\src\app\page-not-found\index.js
C:\Users\purushotam.s\Desktop\learning\Modified ContactBook\ContactBook1\ContactBook1\ContactBook\dist\out-tsc\src\app\page-not-found\index.js.map
C:\Users\purushotam.s\Desktop\learning\Modified ContactBook\ContactBook1\ContactBook1\ContactBook\dist\out-tsc\src\app\app.module.js
C:\Users\purushotam.s\Desktop\learning\Modified ContactBook\ContactBook1\ContactBook1\ContactBook\dist\out-tsc\src\app\app.module.js.map
C:\Users\purushotam.s\Desktop\learning\Modified ContactBook\ContactBook1\ContactBook1\ContactBook\dist\out-tsc\src\environments\environment.js
C:\Users\purushotam.s\Desktop\learning\Modified ContactBook\ContactBook1\ContactBook1\ContactBook\dist\out-tsc\src\environments\environment.js.map
C:\Users\purushotam.s\Desktop\learning\Modified ContactBook\ContactBook1\ContactBook1\ContactBook\dist\out-tsc\src\main.js
C:\Users\purushotam.s\Desktop\learning\Modified ContactBook\ContactBook1\ContactBook1\ContactBook\dist\out-tsc\src\main.js.map
C:\Users\purushotam.s\Desktop\learning\Modified ContactBook\ContactBook1\ContactBook1\ContactBook\dist\out-tsc\src\polyfills.js
C:\Users\purushotam.s\Desktop\learning\Modified ContactBook\ContactBook1\ContactBook1\ContactBook\dist\out-tsc\src\polyfills.js.map
C:\Users\purushotam.s\Desktop\learning\Modified ContactBook\ContactBook1\ContactBook1\ContactBook\dist\out-tsc\src\test.js
C:\Users\purushotam.s\Desktop\learning\Modified ContactBook\ContactBook1\ContactBook1\ContactBook\dist\out-tsc\src\test.js.map
C:\Users\purushotam.s\Desktop\learning\Modified ContactBook\ContactBook1\ContactBook1\ContactBook\dist\out-tsc\e2e\src\app.po.js
C:\Users\purushotam.s\Desktop\learning\Modified ContactBook\ContactBook1\ContactBook1\ContactBook\dist\out-tsc\e2e\src\app.po.js.map
C:\Users\purushotam.s\Desktop\learning\Modified ContactBook\ContactBook1\ContactBook1\ContactBook\dist\out-tsc\e2e\src\app.e2e-spec.js
C:\Users\purushotam.s\Desktop\learning\Modified ContactBook\ContactBook1\ContactBook1\ContactBook\dist\out-tsc\e2e\src\app.e2e-spec.js.map
C:\Users\purushotam.s\Desktop\learning\Modified ContactBook\ContactBook1\ContactBook1\ContactBook\dist\out-tsc\src\environments\environment.prod.js
C:\Users\purushotam.s\Desktop\learning\Modified ContactBook\ContactBook1\ContactBook1\ContactBook\dist\out-tsc\src\environments\environment.prod.js.map
